<?xml version="1.0" encoding="UTF-8"?>
<testsuite name="TestSuite" time="124.206" tests="32" errors="0" skipped="31" failures="0">
  <properties>
    <property name="java.runtime.name" value="Java(TM) SE Runtime Environment"/>
    <property name="sun.boot.library.path" value="C:\Program Files (x86)\Java\jdk1.7.0_51\jre\bin"/>
    <property name="java.vm.version" value="24.51-b03"/>
    <property name="java.vm.vendor" value="Oracle Corporation"/>
    <property name="java.vendor.url" value="http://java.oracle.com/"/>
    <property name="path.separator" value=";"/>
    <property name="guice.disable.misplaced.annotation.check" value="true"/>
    <property name="java.vm.name" value="Java HotSpot(TM) Client VM"/>
    <property name="file.encoding.pkg" value="sun.io"/>
    <property name="user.script" value=""/>
    <property name="user.country" value="US"/>
    <property name="sun.java.launcher" value="SUN_STANDARD"/>
    <property name="sun.os.patch.level" value="Service Pack 1"/>
    <property name="java.vm.specification.name" value="Java Virtual Machine Specification"/>
    <property name="user.dir" value="C:\Users\i\workspace\SL8Z-Project-Testng"/>
    <property name="java.runtime.version" value="1.7.0_51-b13"/>
    <property name="java.awt.graphicsenv" value="sun.awt.Win32GraphicsEnvironment"/>
    <property name="java.endorsed.dirs" value="C:\Program Files (x86)\Java\jdk1.7.0_51\jre\lib\endorsed"/>
    <property name="os.arch" value="x86"/>
    <property name="java.io.tmpdir" value="C:\Users\i\AppData\Local\Temp\"/>
    <property name="line.separator" value="&#10;"/>
    <property name="java.vm.specification.vendor" value="Oracle Corporation"/>
    <property name="user.variant" value=""/>
    <property name="os.name" value="Windows 7"/>
    <property name="classworlds.conf" value="C:\Users\i\workspace\.metadata\.plugins\org.eclipse.m2e.launching\launches\m2conf5957082758289657715.tmp"/>
    <property name="sun.jnu.encoding" value="Cp1252"/>
    <property name="java.library.path" value="C:\Program Files (x86)\Java\jdk1.7.0_51\bin;C:\Windows\Sun\Java\bin;C:\Windows\system32;C:\Windows;C:\Windows\system32;C:\Windows;C:\Windows\System32\Wbem;C:\Windows\System32\WindowsPowerShell\v1.0\;C:\Program Files\TortoiseSVN\bin;C:\Program Files (x86)\Java\jdk1.7.0_51\bin;D:\apache-maven-3.1.1\bin;D:\apache-jmeter-2.11\bin;C:\Program Files (x86)\Git\bin;;."/>
    <property name="java.specification.name" value="Java Platform API Specification"/>
    <property name="java.class.version" value="51.0"/>
    <property name="sun.management.compiler" value="HotSpot Client Compiler"/>
    <property name="os.version" value="6.1"/>
    <property name="user.home" value="C:\Users\i"/>
    <property name="user.timezone" value="Asia/Calcutta"/>
    <property name="java.awt.printerjob" value="sun.awt.windows.WPrinterJob"/>
    <property name="java.specification.version" value="1.7"/>
    <property name="file.encoding" value="Cp1252"/>
    <property name="user.name" value="i"/>
    <property name="java.class.path" value="/C:/Users/i/Desktop/Eclipse/eclipse/configuration/org.eclipse.osgi/bundles/268/1/.cp/jars/plexus-classworlds-2.4.jar"/>
    <property name="java.vm.specification.version" value="1.7"/>
    <property name="sun.arch.data.model" value="32"/>
    <property name="java.home" value="C:\Program Files (x86)\Java\jdk1.7.0_51\jre"/>
    <property name="sun.java.command" value="org.codehaus.plexus.classworlds.launcher.Launcher -B test"/>
    <property name="java.specification.vendor" value="Oracle Corporation"/>
    <property name="user.language" value="en"/>
    <property name="awt.toolkit" value="sun.awt.windows.WToolkit"/>
    <property name="java.vm.info" value="mixed mode, sharing"/>
    <property name="java.version" value="1.7.0_51"/>
    <property name="java.ext.dirs" value="C:\Program Files (x86)\Java\jdk1.7.0_51\jre\lib\ext;C:\Windows\Sun\Java\lib\ext"/>
    <property name="sun.boot.class.path" value="C:\Program Files (x86)\Java\jdk1.7.0_51\jre\lib\resources.jar;C:\Program Files (x86)\Java\jdk1.7.0_51\jre\lib\rt.jar;C:\Program Files (x86)\Java\jdk1.7.0_51\jre\lib\sunrsasign.jar;C:\Program Files (x86)\Java\jdk1.7.0_51\jre\lib\jsse.jar;C:\Program Files (x86)\Java\jdk1.7.0_51\jre\lib\jce.jar;C:\Program Files (x86)\Java\jdk1.7.0_51\jre\lib\charsets.jar;C:\Program Files (x86)\Java\jdk1.7.0_51\jre\lib\jfr.jar;C:\Program Files (x86)\Java\jdk1.7.0_51\jre\classes"/>
    <property name="java.vendor" value="Oracle Corporation"/>
    <property name="maven.home" value="C:\Users\i\workspace\SL8Z-Project-Testng\EMBEDDED"/>
    <property name="file.separator" value="\"/>
    <property name="java.vendor.url.bug" value="http://bugreport.sun.com/bugreport/"/>
    <property name="maven.bootclasspath" value="/C:/Users/i/Desktop/Eclipse/eclipse/configuration/org.eclipse.osgi/bundles/268/1/.cp/jars/plexus-classworlds-2.4.jar"/>
    <property name="sun.cpu.endian" value="little"/>
    <property name="sun.io.unicode.encoding" value="UnicodeLittle"/>
    <property name="sun.desktop" value="windows"/>
    <property name="sun.cpu.isalist" value="pentium_pro+mmx pentium_pro pentium+mmx pentium i486 i386 i86"/>
  </properties>
  <testcase name="isSkipped" classname="com.SL8Z.testcases.Client.Create_New_Search" time="0">
    <skipped/>
    <system-err><![CDATA[Starting ChromeDriver (v2.8.241075) on port 12247
]]></system-err>
  </testcase>
  <testcase name="CreateNewSearch" classname="com.SL8Z.testcases.Client.Create_New_Search" time="0">
    <skipped/>
  </testcase>
  <testcase name="CreateNewSearch" classname="com.SL8Z.testcases.Client.Create_New_Search" time="0">
    <skipped/>
  </testcase>
  <testcase name="isSkipped" classname="com.SL8Z.testcases.Client.Verify_Client_Side_Validation" time="0">
    <skipped/>
  </testcase>
  <testcase name="VerifyClientSideValidation" classname="com.SL8Z.testcases.Client.Verify_Client_Side_Validation" time="0">
    <skipped/>
  </testcase>
  <testcase name="isSkipped" classname="com.SL8Z.testcases.Client.Verify_Server_Side_Validation" time="0">
    <skipped/>
  </testcase>
  <testcase name="VerifyServerSideValidation" classname="com.SL8Z.testcases.Client.Verify_Server_Side_Validation" time="0">
    <skipped/>
  </testcase>
  <testcase name="isSkipped" classname="com.SL8Z.testcases.Client.Verify_Quick_Preview_Buttons" time="0">
    <skipped/>
  </testcase>
  <testcase name="VerifyQuickPreviewButtons" classname="com.SL8Z.testcases.Client.Verify_Quick_Preview_Buttons" time="0">
    <skipped/>
  </testcase>
  <testcase name="isSkipped" classname="com.SL8Z.testcases.Client.Verify_Placement_Fee" time="0">
    <skipped/>
  </testcase>
  <testcase name="VerifyPlacementFee" classname="com.SL8Z.testcases.Client.Verify_Placement_Fee" time="0">
    <skipped/>
  </testcase>
  <testcase name="isSkipped" classname="com.SL8Z.testcases.Client.Verify_Engagement_Dashboard_Page_Links" time="0">
    <skipped/>
  </testcase>
  <testcase name="VerifyEngagementDashboardPageLinks" classname="com.SL8Z.testcases.Client.Verify_Engagement_Dashboard_Page_Links" time="0">
    <skipped/>
  </testcase>
  <testcase name="isSkipped" classname="com.SL8Z.testcases.Client.Verify_Action_Buttons" time="0">
    <skipped/>
  </testcase>
  <testcase name="VerifyActionButtons" classname="com.SL8Z.testcases.Client.Verify_Action_Buttons" time="0">
    <skipped/>
  </testcase>
  <testcase name="VerifyActionButtons" classname="com.SL8Z.testcases.Client.Verify_Action_Buttons" time="0">
    <skipped/>
  </testcase>
  <testcase name="isSkipped" classname="com.SL8Z.testcases.Client.Verify_Corresponding_Numbers" time="0">
    <skipped/>
  </testcase>
  <testcase name="VerifyCorrespondingNumbers" classname="com.SL8Z.testcases.Client.Verify_Corresponding_Numbers" time="0">
    <skipped/>
  </testcase>
  <testcase name="isSkipped" classname="com.SL8Z.testcases.Client.Verify_Corresponding_Number_Single_Job_Dashboard$Verify_Corresponding_Numbers" time="0">
    <skipped/>
  </testcase>
  <testcase name="VerifyCorrespondingNumberSingleJobDashboard" classname="com.SL8Z.testcases.Client.Verify_Corresponding_Number_Single_Job_Dashboard$Verify_Corresponding_Numbers" time="0">
    <skipped/>
  </testcase>
  <testcase name="isSkipped" classname="com.SL8Z.testcases.Client.Verify_Action_Buttons_Single_Job_Dashboard" time="0">
    <skipped/>
  </testcase>
  <testcase name="VerifyActionButtonsSingleJobDashboard" classname="com.SL8Z.testcases.Client.Verify_Action_Buttons_Single_Job_Dashboard" time="0">
    <skipped/>
  </testcase>
  <testcase name="VerifyActionButtonsSingleJobDashboard" classname="com.SL8Z.testcases.Client.Verify_Action_Buttons_Single_Job_Dashboard" time="0">
    <skipped/>
  </testcase>
  <testcase name="isSkipped" classname="com.SL8Z.testcases.Partner.Verify_Candidate_Is_Presented" time="0">
    <skipped/>
  </testcase>
  <testcase name="VerifyCandidateIsPresented" classname="com.SL8Z.testcases.Partner.Verify_Candidate_Is_Presented" time="0">
    <skipped/>
  </testcase>
  <testcase name="isSkipped" classname="com.SL8Z.testcases.Partner.Verify_Partner_Client_Side_Validation" time="0">
    <skipped/>
  </testcase>
  <testcase name="VerifyPartnerClientSideValidation" classname="com.SL8Z.testcases.Partner.Verify_Partner_Client_Side_Validation" time="0">
    <skipped/>
  </testcase>
  <testcase name="isSkipped" classname="com.SL8Z.testcases.Partner.Verify_Partner_Server_Side_Validation" time="0">
    <skipped/>
  </testcase>
  <testcase name="VerifyPartnerServerSideValidation" classname="com.SL8Z.testcases.Partner.Verify_Partner_Server_Side_Validation" time="0">
    <skipped/>
  </testcase>
  <testcase name="VerifyPartnerQuickPreviewButtons" classname="com.SL8Z.testcases.Partner.Verify_Partner_Quick_Preview_Buttons" time="124.206"/>
  <testcase name="isSkipped" classname="com.SL8Z.testcases.Partner.Verify_Partner_Side_Engagement_Dashboard_Page_Links" time="0">
    <skipped/>
  </testcase>
  <testcase name="VerifyPartnerSideEngagementDashboardPageLinks" classname="com.SL8Z.testcases.Partner.Verify_Partner_Side_Engagement_Dashboard_Page_Links" time="0">
    <skipped/>
  </testcase>
</testsuite>