<?xml version="1.0" encoding="UTF-8"?>
<!-- Generated by org.testng.reporters.JUnitReportReporter -->
<testsuite hostname="i-PC" name="com.SL8Z.testcases.Client.Verify_Action_Buttons_Single_Job_Dashboard" tests="1" failures="1" timestamp="25 Apr 2014 12:21:15 GMT" time="0.000" errors="0">
  <testcase name="VerifyActionButtonsSingleJobDashboard" time="0.000" classname="com.SL8Z.testcases.Client.Verify_Action_Buttons_Single_Job_Dashboard"/>
</testsuite> <!-- com.SL8Z.testcases.Client.Verify_Action_Buttons_Single_Job_Dashboard -->
