<?xml version="1.0" encoding="UTF-8"?>
<!-- Generated by org.testng.reporters.JUnitReportReporter -->
<testsuite hostname="i-PC" name="com.SL8Z.testcases.Partner.Verify_Partner_Server_Side_Validation" tests="1" failures="1" timestamp="25 Apr 2014 12:21:15 GMT" time="0.000" errors="0">
  <testcase name="VerifyPartnerServerSideValidation" time="0.000" classname="com.SL8Z.testcases.Partner.Verify_Partner_Server_Side_Validation"/>
</testsuite> <!-- com.SL8Z.testcases.Partner.Verify_Partner_Server_Side_Validation -->
