<?xml version="1.0" encoding="UTF-8"?>
<!-- Generated by org.testng.reporters.JUnitReportReporter -->
<testsuite hostname="i-PC" name="com.SL8Z.testcases.Client.Create_New_Search" tests="2" failures="2" timestamp="14 May 2014 06:30:45 GMT" time="0.001" errors="0">
  <testcase name="CreateNewSearch" time="0.000" classname="com.SL8Z.testcases.Client.Create_New_Search"/>
  <testcase name="CreateNewSearch" time="0.001" classname="com.SL8Z.testcases.Client.Create_New_Search"/>
</testsuite> <!-- com.SL8Z.testcases.Client.Create_New_Search -->
