<?xml version="1.0" encoding="UTF-8"?>
<!-- Generated by org.testng.reporters.JUnitReportReporter -->
<testsuite hostname="i-PC" name="com.SL8Z.testcases.Partner.Verify_Candidate_Is_Presented" tests="1" failures="1" timestamp="25 Apr 2014 12:21:15 GMT" time="0.000" errors="0">
  <testcase name="VerifyCandidateIsPresented" time="0.000" classname="com.SL8Z.testcases.Partner.Verify_Candidate_Is_Presented"/>
</testsuite> <!-- com.SL8Z.testcases.Partner.Verify_Candidate_Is_Presented -->
