<?xml version="1.0" encoding="UTF-8"?>
<!-- Generated by org.testng.reporters.JUnitReportReporter -->
<testsuite hostname="i-PC" name="com.SL8Z.testcases.Client.Verify_Corresponding_Number_Single_Job_Dashboard$Verify_Corresponding_Numbers" tests="1" failures="1" timestamp="14 May 2014 06:30:45 GMT" time="0.000" errors="0">
  <testcase name="VerifyCorrespondingNumberSingleJobDashboard" time="0.000" classname="com.SL8Z.testcases.Client.Verify_Corresponding_Number_Single_Job_Dashboard$Verify_Corresponding_Numbers"/>
</testsuite> <!-- com.SL8Z.testcases.Client.Verify_Corresponding_Number_Single_Job_Dashboard$Verify_Corresponding_Numbers -->
