<?xml version="1.0" encoding="UTF-8"?>
<!-- Generated by org.testng.reporters.JUnitReportReporter -->
<testsuite hostname="i-PC" name="com.SL8Z.testcases.Verify_Placement_Fee" tests="1" failures="1" timestamp="22 Apr 2014 10:26:42 GMT" time="0.002" errors="0">
  <testcase name="VerifyPlacementFee" time="0.002" classname="com.SL8Z.testcases.Verify_Placement_Fee"/>
</testsuite> <!-- com.SL8Z.testcases.Verify_Placement_Fee -->
