<?xml version="1.0" encoding="UTF-8"?>
<!-- Generated by org.testng.reporters.JUnitReportReporter -->
<testsuite hostname="i-PC" name="com.SL8Z.testcases.Partner.Verify_Partner_Quick_Preview_Buttons" tests="1" failures="1" timestamp="14 May 2014 06:30:45 GMT" time="0.000" errors="0">
  <testcase name="VerifyPartnerQuickPreviewButtons" time="0.000" classname="com.SL8Z.testcases.Partner.Verify_Partner_Quick_Preview_Buttons"/>
</testsuite> <!-- com.SL8Z.testcases.Partner.Verify_Partner_Quick_Preview_Buttons -->
