<?xml version="1.0" encoding="UTF-8"?>
<!-- Generated by org.testng.reporters.JUnitReportReporter -->
<testsuite hostname="i-PC" name="com.SL8Z.testcases.Client.Verify_Server_Side_Validation" tests="1" failures="1" timestamp="14 May 2014 06:30:45 GMT" time="0.001" errors="0">
  <testcase name="VerifyServerSideValidation" time="0.001" classname="com.SL8Z.testcases.Client.Verify_Server_Side_Validation"/>
</testsuite> <!-- com.SL8Z.testcases.Client.Verify_Server_Side_Validation -->
