<?xml version="1.0" encoding="UTF-8"?>
<!-- Generated by org.testng.reporters.JUnitReportReporter -->
<testsuite hostname="i-PC" name="com.SL8Z.testcases.Client.Verify_Action_Buttons" tests="1" failures="1" timestamp="25 Apr 2014 12:21:15 GMT" time="0.001" errors="0">
  <testcase name="VerifyActionButtons" time="0.001" classname="com.SL8Z.testcases.Client.Verify_Action_Buttons"/>
</testsuite> <!-- com.SL8Z.testcases.Client.Verify_Action_Buttons -->
