<?xml version="1.0" encoding="UTF-8"?>
<!-- Generated by org.testng.reporters.JUnitReportReporter -->
<testsuite hostname="i-PC" name="com.SL8Z.testcases.Verify_Candidate_Presented" tests="1" failures="0" timestamp="18 Apr 2014 08:03:30 GMT" time="123.852" errors="0">
  <testcase name="VerifyCandidatePresented" time="123.852" classname="com.SL8Z.testcases.Verify_Candidate_Presented"/>
</testsuite> <!-- com.SL8Z.testcases.Verify_Candidate_Presented -->
